h:\lighting_33\lighting\debug\applicationmanager.obj
h:\lighting_33\lighting\debug\cube.obj
h:\lighting_33\lighting\debug\eulercamera.obj
h:\lighting_33\lighting\debug\main.obj
h:\lighting_33\lighting\debug\model.obj
h:\lighting_33\lighting\debug\renderer.obj
h:\lighting_33\lighting\debug\room.obj
h:\lighting_33\lighting\debug\shader.obj
h:\lighting_33\lighting\debug\vc100.pdb
h:\lighting_33\lighting\debug\table.obj
h:\lighting_33\lighting\debug\tr.obj
h:\american stories\lighting_33\lighting\debug\applicationmanager.obj
h:\american stories\lighting_33\lighting\debug\cube.obj
h:\american stories\lighting_33\lighting\debug\eulercamera.obj
h:\american stories\lighting_33\lighting\debug\main.obj
h:\american stories\lighting_33\lighting\debug\model.obj
h:\american stories\lighting_33\lighting\debug\renderer.obj
h:\american stories\lighting_33\lighting\debug\room.obj
h:\american stories\lighting_33\lighting\debug\shader.obj
h:\american stories\lighting_33\lighting\debug\table.obj
h:\american stories\lighting_33\lighting\debug\tr.obj
h:\american stories\lighting_33\lighting\debug\vc100.pdb
h:\lighting_33\lighting\debug\stb_image.obj
h:\lighting_33\lighting\debug\texture.obj
h:\lighting_33\lighting\debug\shaderprogram.obj
h:\lighting_33\lighting\debug\model3d.obj
h:\lighting_33\lighting\debug\modelnode.obj
h:\lighting_33\lighting\debug\texturedmodel.obj
h:\american stories\lighting_33\debug\lighting.exe
h:\american stories\lighting_33\debug\lighting.pdb
h:\lighting_33\lighting\debug\vc140.pdb
h:\lighting_33\lighting\debug\vc140.idb
h:\lighting_33\lighting\debug\lighting.vcxprojresolveassemblyreference.cache
h:\lighting_33\lighting\debug\cl.command.1.tlog
h:\lighting_33\lighting\debug\cl.read.1.tlog
h:\lighting_33\lighting\debug\cl.write.1.tlog
h:\lighting_33\lighting\debug\lighting.write.1.tlog
h:\lighting_33\lighting\debug\link.command.1.tlog
h:\lighting_33\lighting\debug\link.read.1.tlog
h:\lighting_33\lighting\debug\link.write.1.tlog
h:\lighting_33\lighting\debug\vc100.idb
h:\lighting_33\debug\lighting.pdb
h:\lighting_33\lighting\debug\lighting.tlog\cl.command.1.tlog
h:\lighting_33\lighting\debug\lighting.tlog\cl.read.1.tlog
h:\lighting_33\lighting\debug\lighting.tlog\cl.write.1.tlog
h:\lighting_33\lighting\debug\lighting.tlog\link.command.1.tlog
h:\lighting_33\lighting\debug\lighting.tlog\link.read.1.tlog
h:\lighting_33\lighting\debug\lighting.tlog\link.write.1.tlog
